[21:34:15] [main/INFO] (FabricLoader) Loading for game Minecraft 1.16.1
[21:34:15] [main/INFO] (Fabric|Loader) [FabricLoader] Loading 41 mods: minecraft@1.16.1, fabric-screen-handler-api-v1@1.0.1+f362c86e7c, fabric-renderer-api-v1@0.2.13+eae12eb87c, fabric-networking-blockentity-v0@0.2.5+b50ffc7b7c, fabric-keybindings-v0@0.2.0+3fa9f7c57c, modmenu@1.12.2+build.17, fabric-command-api-v1@1.0.8+5ce533987c, fabricloader@0.8.8+build.202, fabric-tool-attribute-api-v1@1.1.4+5794386e7c, fabric-renderer-indigo@0.3.1+059ea8667c, fabric-containers-v0@0.1.8+045df74f7c, fabric-object-builder-api-v1@1.5.5+e00ecb5f7c, fabric-dimensions-v1@1.0.0+a71b30537c, fabric-biomes-v1@0.2.7+059ea8667c, fabric-events-interaction-v0@0.3.3+7066030f7c, fabric-crash-report-info-v1@0.1.2+b7f9825d7c, fabric-api-base@0.1.3+12a8474c7c, fabric-rendering-v0@1.1.0+534104907c, fabric-rendering-v1@1.1.2+346247d77c, fabric-key-binding-api-v1@1.0.0+e16a97747c, fabric-rendering-data-attachment-v1@0.1.3+b7f9825d7c, fabric-resource-loader-v0@0.2.5+059ea86602, malilib@0.10.0-dev.21+arne.1, fabric-textures-v0@1.0.4+eae12eb87c, fabric-content-registries-v0@0.1.9+059ea8667c, fabric-tag-extensions-v0@0.2.5+5a6e8f4c7c, fabric-rendering-fluids-v1@0.1.7+12a8474c7c, litematica@0.0.0-dev.20200704.213412, fabric-registry-sync-v0@0.3.8+7dba2d6c7c, fabric-commands-v0@0.2.0+52d308367c, fabric-blockrenderlayer-v1@1.1.4+c6a8ea897c, fabric-mining-levels-v0@0.1.2+b764ce997c, fabric-renderer-registries-v1@2.0.1+5a0f9a607c, fabric-events-lifecycle-v0@0.1.3+0d474ec47c, fabric-loot-tables-v1@0.1.10+059ea8667c, fabric@0.13.1+build.370-1.16, fabric-models-v0@0.1.0+dfdb52d67c, fabric-particles-v1@0.2.1+0a6f2a707c, fabric-item-groups-v0@0.2.0+438f96367c, fabric-networking-v0@0.1.10+e00ecb5f7c, fabric-object-builders-v0@0.6.0+da175ad67c
[21:34:15] [main/INFO] (mixin) SpongePowered MIXIN Subsystem Version=0.8 Source=file:/C:/Users/fabia/.gradle/caches/modules-2/files-2.1/net.fabricmc/sponge-mixin/0.8+build.18/af077ad2845a00cde186fa2c99c4dd32bd2a2766/sponge-mixin-0.8+build.18.jar Service=Knot/Fabric Env=CLIENT
[21:34:16] [main/INFO] (Fabric|MixinBootstrap) Loaded Fabric development mappings for mixin remapper!
[21:34:16] [main/INFO] (mixin) Remapping refMap fabric-networking-v0-refmap.json using remapper chain
[21:34:16] [main/INFO] (mixin) Remapping refMap fabric-networking-blockentity-v0-refmap.json using remapper chain
[21:34:16] [main/INFO] (mixin) Remapping refMap fabric-biomes-v1-refmap.json using remapper chain
[21:34:16] [main/INFO] (mixin) Remapping refMap fabric-screen-handler-api-v1-refmap.json using remapper chain
[21:34:16] [main/INFO] (mixin) Remapping refMap fabric-containers-v0-refmap.json using remapper chain
[21:34:16] [main/INFO] (mixin) Remapping refMap fabric-renderer-indigo-refmap.json using remapper chain
[21:34:16] [main/INFO] (mixin) Remapping refMap fabric-rendering-data-attachment-v1-refmap.json using remapper chain
[21:34:16] [main/INFO] (mixin) Remapping refMap fabric-events-interaction-v0-refmap.json using remapper chain
[21:34:16] [main/INFO] (mixin) Remapping refMap fabric-loot-tables-v1-refmap.json using remapper chain
[21:34:16] [main/INFO] (mixin) Remapping refMap fabric-object-builder-api-v1-refmap.json using remapper chain
[21:34:16] [main/INFO] (mixin) Remapping refMap fabric-dimensions-v1-refmap.json using remapper chain
[21:34:16] [main/INFO] (mixin) Remapping refMap fabric-renderer-registries-v1-refmap.json using remapper chain
[21:34:16] [main/INFO] (mixin) Remapping refMap fabric-textures-v0-refmap.json using remapper chain
[21:34:16] [main/INFO] (mixin) Remapping refMap fabric-registry-sync-v0-refmap.json using remapper chain
[21:34:16] [main/INFO] (mixin) Remapping refMap fabric-models-v0-refmap.json using remapper chain
[21:34:16] [main/INFO] (mixin) Remapping refMap fabric-blockrenderlayer-v1-refmap.json using remapper chain
[21:34:16] [main/INFO] (mixin) Remapping refMap fabric-renderer-api-v1-refmap.json using remapper chain
[21:34:16] [main/INFO] (mixin) Remapping refMap fabric-containers-v0-refmap.json using remapper chain
[21:34:16] [main/INFO] (mixin) Remapping refMap fabric-events-lifecycle-v0-refmap.json using remapper chain
[21:34:16] [main/INFO] (mixin) Remapping refMap fabric-rendering-fluids-v1-refmap.json using remapper chain
[21:34:16] [main/INFO] (mixin) Remapping refMap fabric-resource-loader-v0-refmap.json using remapper chain
[21:34:16] [main/INFO] (mixin) Remapping refMap fabric-particles-v1-refmap.json using remapper chain
[21:34:16] [main/INFO] (mixin) Remapping refMap fabric-object-builders-refmap.json using remapper chain
[21:34:16] [main/INFO] (mixin) Remapping refMap fabric-tag-extensions-v0-refmap.json using remapper chain
[21:34:16] [main/INFO] (mixin) Remapping refMap fabric-tool-attribute-api-v1-refmap.json using remapper chain
[21:34:16] [main/INFO] (mixin) Remapping refMap fabric-rendering-v1-refmap.json using remapper chain
[21:34:16] [main/INFO] (mixin) Remapping refMap fabric-item-groups-v0-refmap.json using remapper chain
[21:34:16] [main/INFO] (mixin) Remapping refMap fabric-content-registries-v0-refmap.json using remapper chain
[21:34:16] [main/INFO] (mixin) Remapping refMap fabric-command-api-v1-refmap.json using remapper chain
[21:34:16] [main/INFO] (mixin) Remapping refMap fabric-crash-report-info-v1-refmap.json using remapper chain
[21:34:16] [main/INFO] (mixin) Remapping refMap fabric-key-binding-api-v1-refmap.json using remapper chain
[21:34:16] [main/INFO] (mixin) Remapping refMap fabric-renderer-api-v1-refmap.json using remapper chain
[21:34:16] [main/INFO] (mixin) Remapping refMap modmenu.refmap.json using remapper chain
[21:34:16] [main/WARN] (mixin) @Mixin target net/minecraft/server/world/ThreadedAnvilChunkStorage$EntityTracker is public in fabric-networking-v0.mixins.json:MixinEntityTracker and should be specified in value
[21:34:16] [main/WARN] (mixin) @Mixin target net/minecraft/client/render/block/BlockModelRenderer$AmbientOcclusionCalculator is public in fabric-renderer-indigo.mixins.json:MixinAmbientOcclusionCalculator and should be specified in value
[21:34:16] [main/WARN] (mixin) @Mixin target net/minecraft/client/render/chunk/ChunkBuilder$BuiltChunk$RebuildTask is public in fabric-renderer-indigo.mixins.json:MixinChunkRebuildTask and should be specified in value
[21:34:16] [main/WARN] (mixin) @Mixin target net/minecraft/client/particle/ParticleManager$SimpleSpriteProvider is public in fabric-particles-v1.mixins.json:ParticleManagerAccessor$SimpleSpriteProviderAccessor and should be specified in value
[21:34:16] [main/WARN] (mixin) @Mixin target net/minecraft/tag/Tag$1 is public in fabric-tag-extensions-v0.mixins.json:MixinTagImpl and should be specified in value
[21:34:16] [main/WARN] (mixin) @Mixin target net/minecraft/tag/GlobalTagAccessor$CachedTag is public in fabric-tag-extensions-v0.mixins.json:MixinTagImpl and should be specified in value
[21:34:16] [main/WARN] (mixin) @Mixin target net/minecraft/tag/SetTag is public in fabric-tag-extensions-v0.mixins.json:MixinTagImpl and should be specified in value
[21:34:16] [main/WARN] (mixin) @Mixin target net/minecraft/client/gui/widget/EntryListWidget$Entries is public in mixins.modmenu.json:MixinEntryListWidgetEntries and should be specified in value
[21:34:20] [main/INFO] (Minecraft) Environment: authHost='https://authserver.mojang.com', accountsHost='https://api.mojang.com', sessionHost='https://sessionserver.mojang.com', name='PROD'
[21:34:20] [main/INFO] (Minecraft) Setting user: Player242
[21:34:21] [main/INFO] (Indigo) [Indigo] Registering Indigo renderer!
[21:34:21] [main/INFO] (Minecraft) Backend library: LWJGL version 3.2.2 build 10
[21:34:27] [main/INFO] (Minecraft) Narrator library for x64 successfully loaded
[21:34:28] [main/INFO] (Minecraft) Reloading ResourceManager: Default, Fabric Screen Handler API (v1), Fabric Renderer API (v1), Fabric Networking Block Entity (v0), Fabric Key Bindings (v0), Mod Menu, Fabric Tool Attribute API (v1), Fabric Renderer - Indigo, Fabric Containers (v0), Fabric Object Builder API (v1), Fabric Biomes (v1), Fabric Events Interaction (v0), Fabric Crash Report Info (v1), Fabric API Base, Fabric Rendering (v0), Fabric Rendering (v1), Fabric Key Binding API (v1), Fabric Rendering Data Attachment (v1), Fabric Resource Loader (v0), MaLiLib, Fabric Textures (v0), Fabric Content Registries (v0), Fabric Tag Extensions (v0), Fabric Rendering Fluids (v1), Litematica, Fabric Registry Sync (v0), Fabric BlockRenderLayer Registration (v1), Fabric Mining Levels (v0), Fabric Renderer Registries (v1), Fabric Events Lifecycle (v0), Fabric Loot Tables (v1), Fabric API, Fabric Models (v0), Fabric Item Groups (v0), Fabric Networking (v0), Fabric Object Builders (v0)
[21:34:30] [Realms Notification Availability checker #1/INFO] (Minecraft) Could not authorize you against Realms server: Invalid session id
[21:34:31] [main/INFO] (Minecraft) OpenAL initialized.
[21:34:31] [main/INFO] (Minecraft) Sound engine started
[21:34:31] [main/INFO] (Minecraft) Created: 1024x1024x4 minecraft:textures/atlas/blocks.png-atlas
[21:34:32] [main/INFO] (Minecraft) Created: 256x128x4 minecraft:textures/atlas/signs.png-atlas
[21:34:32] [main/INFO] (Minecraft) Created: 1024x512x4 minecraft:textures/atlas/banner_patterns.png-atlas
[21:34:32] [main/INFO] (Minecraft) Created: 1024x512x4 minecraft:textures/atlas/shield_patterns.png-atlas
[21:34:32] [main/INFO] (Minecraft) Created: 256x256x4 minecraft:textures/atlas/chest.png-atlas
[21:34:32] [main/INFO] (Minecraft) Created: 512x256x4 minecraft:textures/atlas/beds.png-atlas
[21:34:32] [main/INFO] (Minecraft) Created: 512x256x4 minecraft:textures/atlas/shulker_boxes.png-atlas
[21:34:32] [main/INFO] (Minecraft) Created: 256x256x0 minecraft:textures/atlas/particles.png-atlas
[21:34:32] [main/INFO] (Minecraft) Created: 256x256x0 minecraft:textures/atlas/paintings.png-atlas
[21:34:32] [main/INFO] (Minecraft) Created: 256x128x0 minecraft:textures/atlas/mob_effects.png-atlas
[21:34:49] [main/INFO] (Minecraft) Connecting to meinbuild.de, 25565
[21:34:58] [main/WARN] (Minecraft) Ambiguity between arguments [teleport, destination] and [teleport, targets] with inputs: [Player, 0123, @e, dd12be42-52a9-4a91-a8a1-11c01849e498]
[21:34:58] [main/WARN] (Minecraft) Ambiguity between arguments [teleport, location] and [teleport, destination] with inputs: [0.1 -0.5 .9, 0 0 0]
[21:34:58] [main/WARN] (Minecraft) Ambiguity between arguments [teleport, location] and [teleport, targets] with inputs: [0.1 -0.5 .9, 0 0 0]
[21:34:58] [main/WARN] (Minecraft) Ambiguity between arguments [teleport, targets] and [teleport, destination] with inputs: [Player, 0123, dd12be42-52a9-4a91-a8a1-11c01849e498]
[21:34:58] [main/WARN] (Minecraft) Ambiguity between arguments [teleport, targets, location] and [teleport, targets, destination] with inputs: [0.1 -0.5 .9, 0 0 0]
[21:34:58] [main/INFO] (Minecraft) Reloading ResourceManager: Default, Fabric Screen Handler API (v1), Fabric Renderer API (v1), Fabric Networking Block Entity (v0), Fabric Key Bindings (v0), Mod Menu, Fabric Tool Attribute API (v1), Fabric Renderer - Indigo, Fabric Containers (v0), Fabric Object Builder API (v1), Fabric Biomes (v1), Fabric Events Interaction (v0), Fabric Crash Report Info (v1), Fabric API Base, Fabric Rendering (v0), Fabric Rendering (v1), Fabric Key Binding API (v1), Fabric Rendering Data Attachment (v1), Fabric Resource Loader (v0), MaLiLib, Fabric Textures (v0), Fabric Content Registries (v0), Fabric Tag Extensions (v0), Fabric Rendering Fluids (v1), Litematica, Fabric Registry Sync (v0), Fabric BlockRenderLayer Registration (v1), Fabric Mining Levels (v0), Fabric Renderer Registries (v1), Fabric Events Lifecycle (v0), Fabric Loot Tables (v1), Fabric API, Fabric Models (v0), Fabric Item Groups (v0), Fabric Networking (v0), Fabric Object Builders (v0), Fabric Tool Attribute API (v1)
[21:34:58] [main/INFO] (Minecraft) Loaded 7 recipes
[21:34:59] [main/INFO] (Minecraft) Loaded 927 advancements
[21:34:59] [main/INFO] (Minecraft) Environment: authHost='https://authserver.mojang.com', accountsHost='https://api.mojang.com', sessionHost='https://sessionserver.mojang.com', name='PROD'
[21:34:59] [Server thread/INFO] (Minecraft) Starting integrated minecraft server version 1.16.1
[21:34:59] [Server thread/INFO] (Minecraft) Generating keypair
[21:35:01] [Server thread/INFO] (Minecraft) Preparing start region for dimension minecraft:overworld
[21:35:01] [main/INFO] (Minecraft) Preparing spawn area: 0%
[21:35:02] [main/INFO] (Minecraft) Preparing spawn area: 0%
[21:35:02] [main/INFO] (Minecraft) Preparing spawn area: 4%
[21:35:03] [main/INFO] (Minecraft) Preparing spawn area: 15%
[21:35:03] [main/INFO] (Minecraft) Preparing spawn area: 22%
[21:35:04] [main/INFO] (Minecraft) Preparing spawn area: 33%
[21:35:04] [main/INFO] (Minecraft) Preparing spawn area: 43%
[21:35:05] [main/INFO] (Minecraft) Preparing spawn area: 54%
[21:35:05] [main/INFO] (Minecraft) Preparing spawn area: 60%
[21:35:06] [main/INFO] (Minecraft) Preparing spawn area: 60%
[21:35:06] [main/INFO] (Minecraft) Preparing spawn area: 84%
[21:35:07] [main/INFO] (Minecraft) Preparing spawn area: 96%
[21:35:07] [main/INFO] (Minecraft) Time elapsed: 5639 ms
[21:35:07] [Server thread/INFO] (Minecraft) Changing view distance to 11, from 10
[21:35:07] [Server thread/INFO] (Minecraft) Player242[local:E:c869f22c] logged in with entity id 122 at (-119.5, 64.0, -246.5)
[21:35:07] [Server thread/INFO] (Minecraft) Player242 joined the game
[21:35:07] [Server thread/INFO] (Minecraft) Saving and pausing game...
[21:35:07] [Server thread/INFO] (Minecraft) Saving chunks for level 'ServerLevel[New World]'/minecraft:overworld
[21:35:08] [main/INFO] (Minecraft) Loaded 0 advancements
[21:35:08] [Server thread/INFO] (Minecraft) Saving chunks for level 'ServerLevel[New World]'/minecraft:the_nether
[21:35:08] [Server thread/INFO] (Minecraft) Saving chunks for level 'ServerLevel[New World]'/minecraft:the_end
[21:35:10] [Server thread/INFO] (Minecraft) Saving and pausing game...
[21:35:10] [Server thread/INFO] (Minecraft) Saving chunks for level 'ServerLevel[New World]'/minecraft:overworld
[21:35:11] [Server thread/INFO] (Minecraft) Saving chunks for level 'ServerLevel[New World]'/minecraft:the_nether
[21:35:11] [Server thread/INFO] (Minecraft) Saving chunks for level 'ServerLevel[New World]'/minecraft:the_end
[21:35:11] [Server thread/INFO] (Minecraft) Player242 lost connection: Disconnected
[21:35:11] [Server thread/INFO] (Minecraft) Player242 left the game
[21:35:11] [Server thread/INFO] (Minecraft) Stopping singleplayer server as player logged out
[21:35:11] [Server thread/INFO] (Minecraft) Stopping server
[21:35:11] [Server thread/INFO] (Minecraft) Saving players
[21:35:11] [Server thread/INFO] (Minecraft) Saving worlds
[21:35:11] [Server thread/INFO] (Minecraft) Saving chunks for level 'ServerLevel[New World]'/minecraft:overworld
[21:35:12] [Server thread/INFO] (Minecraft) ThreadedAnvilChunkStorage (New World): All chunks are saved
[21:35:12] [Server thread/INFO] (Minecraft) Saving chunks for level 'ServerLevel[New World]'/minecraft:the_nether
[21:35:12] [Server thread/INFO] (Minecraft) ThreadedAnvilChunkStorage (DIM-1): All chunks are saved
[21:35:12] [Server thread/INFO] (Minecraft) Saving chunks for level 'ServerLevel[New World]'/minecraft:the_end
[21:35:12] [Server thread/INFO] (Minecraft) ThreadedAnvilChunkStorage (DIM1): All chunks are saved
[21:35:12] [Server thread/INFO] (Minecraft) ThreadedAnvilChunkStorage (New World): All chunks are saved
[21:35:12] [Server thread/INFO] (Minecraft) ThreadedAnvilChunkStorage (DIM-1): All chunks are saved
[21:35:12] [Server thread/INFO] (Minecraft) ThreadedAnvilChunkStorage (DIM1): All chunks are saved
[21:35:18] [main/WARN] (Minecraft) Ambiguity between arguments [teleport, destination] and [teleport, targets] with inputs: [Player, 0123, @e, dd12be42-52a9-4a91-a8a1-11c01849e498]
[21:35:18] [main/WARN] (Minecraft) Ambiguity between arguments [teleport, location] and [teleport, destination] with inputs: [0.1 -0.5 .9, 0 0 0]
[21:35:18] [main/WARN] (Minecraft) Ambiguity between arguments [teleport, location] and [teleport, targets] with inputs: [0.1 -0.5 .9, 0 0 0]
[21:35:18] [main/WARN] (Minecraft) Ambiguity between arguments [teleport, targets] and [teleport, destination] with inputs: [Player, 0123, dd12be42-52a9-4a91-a8a1-11c01849e498]
[21:35:18] [main/WARN] (Minecraft) Ambiguity between arguments [teleport, targets, location] and [teleport, targets, destination] with inputs: [0.1 -0.5 .9, 0 0 0]
[21:35:18] [main/INFO] (Minecraft) Reloading ResourceManager: Default, Fabric Screen Handler API (v1), Fabric Renderer API (v1), Fabric Networking Block Entity (v0), Fabric Key Bindings (v0), Mod Menu, Fabric Tool Attribute API (v1), Fabric Renderer - Indigo, Fabric Containers (v0), Fabric Object Builder API (v1), Fabric Biomes (v1), Fabric Events Interaction (v0), Fabric Crash Report Info (v1), Fabric API Base, Fabric Rendering (v0), Fabric Rendering (v1), Fabric Key Binding API (v1), Fabric Rendering Data Attachment (v1), Fabric Resource Loader (v0), MaLiLib, Fabric Textures (v0), Fabric Content Registries (v0), Fabric Tag Extensions (v0), Fabric Rendering Fluids (v1), Litematica, Fabric Registry Sync (v0), Fabric BlockRenderLayer Registration (v1), Fabric Mining Levels (v0), Fabric Renderer Registries (v1), Fabric Events Lifecycle (v0), Fabric Loot Tables (v1), Fabric API, Fabric Models (v0), Fabric Item Groups (v0), Fabric Networking (v0), Fabric Object Builders (v0), Fabric Tool Attribute API (v1)
[21:35:19] [main/INFO] (Minecraft) Loaded 7 recipes
[21:35:19] [main/INFO] (Minecraft) Loaded 927 advancements
[21:35:19] [main/INFO] (Minecraft) Environment: authHost='https://authserver.mojang.com', accountsHost='https://api.mojang.com', sessionHost='https://sessionserver.mojang.com', name='PROD'
[21:35:19] [Server thread/INFO] (Minecraft) Starting integrated minecraft server version 1.16.1
[21:35:19] [Server thread/INFO] (Minecraft) Generating keypair
[21:35:21] [Server thread/INFO] (Minecraft) Preparing start region for dimension minecraft:overworld
[21:35:21] [main/INFO] (Minecraft) Preparing spawn area: 0%
[21:35:21] [main/INFO] (Minecraft) Preparing spawn area: 5%
[21:35:22] [main/INFO] (Minecraft) Preparing spawn area: 12%
[21:35:22] [main/INFO] (Minecraft) Preparing spawn area: 17%
[21:35:23] [main/INFO] (Minecraft) Preparing spawn area: 22%
[21:35:23] [main/INFO] (Minecraft) Preparing spawn area: 29%
[21:35:24] [main/INFO] (Minecraft) Preparing spawn area: 29%
[21:35:24] [main/INFO] (Minecraft) Preparing spawn area: 37%
[21:35:25] [main/INFO] (Minecraft) Preparing spawn area: 46%
[21:35:25] [main/INFO] (Minecraft) Preparing spawn area: 46%
[21:35:26] [main/INFO] (Minecraft) Preparing spawn area: 57%
[21:35:27] [main/INFO] (Minecraft) Preparing spawn area: 63%
[21:35:27] [main/INFO] (Minecraft) Preparing spawn area: 70%
[21:35:27] [main/INFO] (Minecraft) Preparing spawn area: 76%
[21:35:28] [main/INFO] (Minecraft) Preparing spawn area: 84%
[21:35:28] [main/INFO] (Minecraft) Preparing spawn area: 89%
[21:35:29] [main/INFO] (Minecraft) Preparing spawn area: 97%
[21:35:29] [main/INFO] (Minecraft) Time elapsed: 8225 ms
[21:35:29] [Server thread/INFO] (Minecraft) Changing view distance to 11, from 10
[21:35:29] [Server thread/INFO] (Minecraft) Player242[local:E:35738af9] logged in with entity id 617 at (245.5, 70.0, -240.5)
[21:35:29] [Server thread/INFO] (Minecraft) Player242 joined the game
[21:35:29] [Server thread/INFO] (Minecraft) Saving and pausing game...
[21:35:29] [Server thread/INFO] (Minecraft) Saving chunks for level 'ServerLevel[New World]'/minecraft:overworld
[21:35:30] [main/INFO] (Minecraft) Loaded 0 advancements
[21:35:30] [Server thread/INFO] (Minecraft) Saving chunks for level 'ServerLevel[New World]'/minecraft:the_nether
[21:35:30] [Server thread/INFO] (Minecraft) Saving chunks for level 'ServerLevel[New World]'/minecraft:the_end
[21:36:46] [main/INFO] (Minecraft) Loaded 10 advancements
[21:38:04] [main/WARN] (Minecraft) Received passengers for unknown entity
[21:38:13] [Server thread/INFO] (Minecraft) Saving and pausing game...
[21:38:13] [Server thread/INFO] (Minecraft) Saving chunks for level 'ServerLevel[New World]'/minecraft:overworld
[21:38:14] [Server thread/INFO] (Minecraft) Saving chunks for level 'ServerLevel[New World]'/minecraft:the_nether
[21:38:14] [Server thread/INFO] (Minecraft) Saving chunks for level 'ServerLevel[New World]'/minecraft:the_end
[21:38:18] [main/INFO] (Minecraft) Stopping!
[21:38:18] [Server thread/INFO] (Minecraft) Player242 lost connection: Disconnected
[21:38:18] [Server thread/INFO] (Minecraft) Player242 left the game
[21:38:18] [Server thread/INFO] (Minecraft) Stopping singleplayer server as player logged out
[21:38:18] [Server thread/INFO] (Minecraft) Stopping server
[21:38:18] [Server thread/INFO] (Minecraft) Saving players
[21:38:18] [Server thread/INFO] (Minecraft) Saving worlds
[21:38:18] [Server thread/INFO] (Minecraft) Saving chunks for level 'ServerLevel[New World]'/minecraft:overworld
[21:38:18] [Server thread/INFO] (Minecraft) ThreadedAnvilChunkStorage (New World (1)): All chunks are saved
[21:38:18] [Server thread/INFO] (Minecraft) Saving chunks for level 'ServerLevel[New World]'/minecraft:the_nether
[21:38:18] [Server thread/INFO] (Minecraft) ThreadedAnvilChunkStorage (DIM-1): All chunks are saved
[21:38:18] [Server thread/INFO] (Minecraft) Saving chunks for level 'ServerLevel[New World]'/minecraft:the_end
[21:38:18] [Server thread/INFO] (Minecraft) ThreadedAnvilChunkStorage (DIM1): All chunks are saved
[21:38:18] [Server thread/INFO] (Minecraft) ThreadedAnvilChunkStorage (New World (1)): All chunks are saved
[21:38:18] [Server thread/INFO] (Minecraft) ThreadedAnvilChunkStorage (DIM-1): All chunks are saved
[21:38:18] [Server thread/INFO] (Minecraft) ThreadedAnvilChunkStorage (DIM1): All chunks are saved
